frozen-bubble-android-master_V.Base/app/build/outputs/apk/manifest-merger-debug-report.txt
-- Merging decision tree log ---
manifest
ADDED from AndroidManifest.xml:2:1
	package
		ADDED from AndroidManifest.xml:3:7
		INJECTED from AndroidManifest.xml:0:0
		INJECTED from AndroidManifest.xml:0:0
	android:versionName
		ADDED from AndroidManifest.xml:6:7
	android:versionCode
		ADDED from AndroidManifest.xml:5:7
		INJECTED from AndroidManifest.xml:0:0
		INJECTED from AndroidManifest.xml:0:0
	xmlns:android
		ADDED from AndroidManifest.xml:2:11
	android:installLocation
		ADDED from AndroidManifest.xml:4:7
supports-screens
ADDED from AndroidManifest.xml:7:5
	android:largeScreens
		ADDED from AndroidManifest.xml:10:9
	android:smallScreens
		ADDED from AndroidManifest.xml:8:9
	android:normalScreens
		ADDED from AndroidManifest.xml:9:9
	android:anyDensity
		ADDED from AndroidManifest.xml:11:9
uses-sdk
ADDED from AndroidManifest.xml:13:5
	android:targetSdkVersion
		INJECTED from AndroidManifest.xml:0:0
		INJECTED from AndroidManifest.xml:0:0
	android:minSdkVersion
		ADDED from AndroidManifest.xml:13:15
		INJECTED from AndroidManifest.xml:0:0
		INJECTED from AndroidManifest.xml:0:0
application
ADDED from AndroidManifest.xml:14:5
	android:label
		ADDED from AndroidManifest.xml:14:18
	android:icon
		ADDED from AndroidManifest.xml:15:18
activity#org.jfedor.frozenbubble.FrozenBubble
ADDED from AndroidManifest.xml:16:7
	android:label
		ADDED from AndroidManifest.xml:18:19
	android:launchMode
		ADDED from AndroidManifest.xml:20:19
	android:configChanges
		ADDED from AndroidManifest.xml:17:19
	android:alwaysRetainTaskState
		ADDED from AndroidManifest.xml:19:19
	android:name
		ADDED from AndroidManifest.xml:16:17
intent-filter#android.intent.action.MAIN+android.intent.category.LAUNCHER
ADDED from AndroidManifest.xml:21:13
action#android.intent.action.MAIN
ADDED from AndroidManifest.xml:22:17
	android:name
		ADDED from AndroidManifest.xml:22:25
category#android.intent.category.LAUNCHER
ADDED from AndroidManifest.xml:23:17
	android:name
		ADDED from AndroidManifest.xml:23:27
intent-filter#android.intent.category.DEFAULT+org.jfedor.frozenbubble.GAME
ADDED from AndroidManifest.xml:25:9
action#org.jfedor.frozenbubble.GAME
ADDED from AndroidManifest.xml:26:13
	android:name
		ADDED from AndroidManifest.xml:26:21
category#android.intent.category.DEFAULT
ADDED from AndroidManifest.xml:27:13
	android:name
		ADDED from AndroidManifest.xml:27:23